#
# A fatal error has been detected by the Java Runtime Environment:
#
#  SIGSEGV (0xb) at pc=0x00000001023f19a0, pid=70861, tid=24067
#
# JRE version: Java(TM) SE Runtime Environment (8.0-b132) (build 1.8.0-b132)
# Java VM: Java HotSpot(TM) 64-Bit Server VM (25.0-b70 mixed mode bsd-amd64 compressed oops)
# Problematic frame:
# V  [libjvm.dylib+0x40b9a0]  Method::checked_resolve_jmethod_id(_jmethodID*)+0xe
#
# Failed to write core dump. Core dumps have been disabled. To enable core dumping, try "ulimit -c unlimited" before starting Java again
#
# If you would like to submit a bug report, please visit:
#   http://bugreport.sun.com/bugreport/crash.jsp
#

---------------  T H R E A D  ---------------

Current thread (0x00007f966d006000):  JavaThread "JDWP Transport Listener: dt_socket" daemon [_thread_in_vm, id=24067, stack(0x000000011eefb000,0x000000011effb000)]

siginfo:si_signo=SIGSEGV: si_errno=0, si_code=0 (SEGV0), si_addr=0x0000000000000000

Registers:
RAX=0x0000000000000001, RBX=0x000000011effaaab, RCX=0x0000000102795780, RDX=0x000000011effaaab
RSP=0x000000011effa9f0, RBP=0x000000011effaa00, RSI=0x00007f966d006000, RDI=0x8000000000000000
R8 =0x0000000000000005, R9 =0x00000000d78abfd7, R10=0x0000000000000000, R11=0x00000000d78abfd7
R12=0x00007f966d006000, R13=0x8000000000000000, R14=0x8000000000000000, R15=0x00007f966a002620
RIP=0x00000001023f19a0, EFLAGS=0x0000000000010286, ERR=0x0000000000000000
  TRAPNO=0x000000000000000d

Top of Stack: (sp=0x000000011effa9f0)
0x000000011effa9f0:   000000011effaaab 000000011effaaab
0x000000011effaa00:   000000011effaa60 000000010230acee
0x000000011effaa10:   00007f966d006000 0000000000000000
0x000000011effaa20:   0000000000000000 0000000000000000
0x000000011effaa30:   00007f966d006000 00007f966d006000
0x000000011effaa40:   000000011effaaab 000000011effaab0
0x000000011effaa50:   8000000000000000 000000000000000b
0x000000011effaa60:   000000011effaa80 000000010300b7dc
0x000000011effaa70:   0000000000000001 000000011effab28
0x000000011effaa80:   000000011effaaf0 0000000102ff0263
0x000000011effaa90:   000000011effaac0 00007f966a016330
0x000000011effaaa0:   0000000c00000032 0000000a00ffab28
0x000000011effaab0:   0000000000000000 0000000000000000
0x000000011effaac0:   0000000000000000 000000011effacb0
0x000000011effaad0:   0000000103012eca 00007f966a20cc20
0x000000011effaae0:   000000011effab28 000000010301e588
0x000000011effaaf0:   000000011effab00 0000000102ff035c
0x000000011effab00:   000000011effad20 0000000102ff98f6
0x000000011effab10:   000008e400000013 00000000000f0200
0x000000011effab20:   00007f966a203930 00007f966a80a264
0x000000011effab30:   00007f960000024c 00007f966a016170
0x000000011effab40:   00007f960000012c 000000011effab78
0x000000011effab50:   00007f966a014040 00007f0000000000
0x000000011effab60:   000008e40000001c 000020600000a080
0x000000011effab70:   000000011effab78 967f00000c000000
0x000000011effab80:   04000000d81d016a 160000006e69616d
0x000000011effab90:   2f6176616a4c5b28 7274532f676e616c
0x000000011effaba0:   000056293b676e69 0000090000000000
0x000000011effabb0:   0000d01d016a967f 3e74696e693c0600
0x000000011effabc0:   616a4c2843000000 2f6c6974752f6176
0x000000011effabd0:   616a4c3b7473694c 2f6c6974752f6176
0x000000011effabe0:   616a4c3b7473694c 2f6c6974752f6176 

Instructions: (pc=0x00000001023f19a0)
0x00000001023f1980:   40 48 48 85 c0 75 e0 30 c0 0f b6 c0 5d c3 31 c0
0x00000001023f1990:   5d c3 55 48 89 e5 53 48 83 ec 08 48 85 ff 74 24
0x00000001023f19a0:   48 8b 1f 48 85 db 74 1c 48 83 fb 37 74 16 48 8b
0x00000001023f19b0:   03 48 89 df ff 50 08 84 c0 b8 00 00 00 00 48 0f 

Register to memory mapping:

RAX=0x0000000000000001 is an unknown value
RBX=0x000000011effaaab is pointing into the stack for thread: 0x00007f966d006000
RCX=0x0000000102795780: UseMembar+0 in /Library/Java/JavaVirtualMachines/jdk1.8.0.jdk/Contents/Home/jre/lib/server/libjvm.dylib at 0x0000000101fe6000
RDX=0x000000011effaaab is pointing into the stack for thread: 0x00007f966d006000
RSP=0x000000011effa9f0 is pointing into the stack for thread: 0x00007f966d006000
RBP=0x000000011effaa00 is pointing into the stack for thread: 0x00007f966d006000
RSI=0x00007f966d006000 is a thread
RDI=0x8000000000000000 is an unknown value
R8 =0x0000000000000005 is an unknown value
R9 =0x00000000d78abfd7 is an unknown value
R10=0x0000000000000000 is an unknown value
R11=0x00000000d78abfd7 is an unknown value
R12=0x00007f966d006000 is a thread
R13=0x8000000000000000 is an unknown value
R14=0x8000000000000000 is an unknown value
R15=0x00007f966a002620 is an unknown value


Stack: [0x000000011eefb000,0x000000011effb000],  sp=0x000000011effa9f0,  free space=1022k
Native frames: (J=compiled Java code, j=interpreted, Vv=VM code, C=native code)
V  [libjvm.dylib+0x40b9a0]  Method::checked_resolve_jmethod_id(_jmethodID*)+0xe
V  [libjvm.dylib+0x324cee]  jvmti_IsMethodSynthetic+0xb2
C  [libjdwp.dylib+0x207dc]  isMethodSynthetic+0x63
C  [libjdwp.dylib+0x5263]  methods1+0x10b
C  [libjdwp.dylib+0x535c]  methodsWithGeneric+0xe
C  [libjdwp.dylib+0xe8f6]  debugLoop_run+0x1ce
C  [libjdwp.dylib+0x1f716]  attachThread+0x4d
V  [libjvm.dylib+0x365d5e]  JvmtiAgentThread::call_start_function()+0x38
V  [libjvm.dylib+0x51d005]  JavaThread::thread_main_inner()+0x9b
V  [libjvm.dylib+0x51e742]  JavaThread::run()+0x1c2
V  [libjvm.dylib+0x445786]  java_start(Thread*)+0xf6
C  [libsystem_c.dylib+0x147a2]  _pthread_start+0x147
C  [libsystem_c.dylib+0x11e1]  thread_start+0xd


---------------  P R O C E S S  ---------------

Java Threads: ( => current thread )
  0x00007f9669887800 JavaThread "Service Thread" daemon [_thread_blocked, id=27651, stack(0x000000011f610000,0x000000011f710000)]
  0x00007f9669887000 JavaThread "C1 CompilerThread3" daemon [_thread_blocked, id=27139, stack(0x000000011f50d000,0x000000011f60d000)]
  0x00007f966a809800 JavaThread "C2 CompilerThread2" daemon [_thread_blocked, id=26627, stack(0x000000011f40a000,0x000000011f50a000)]
  0x00007f966d801000 JavaThread "C2 CompilerThread1" daemon [_thread_blocked, id=26115, stack(0x000000011f307000,0x000000011f407000)]
  0x00007f966d00a800 JavaThread "C2 CompilerThread0" daemon [_thread_blocked, id=25603, stack(0x000000011f204000,0x000000011f304000)]
  0x00007f966d009000 JavaThread "JDWP Command Reader" daemon [_thread_in_native, id=25091, stack(0x000000011f101000,0x000000011f201000)]
  0x00007f966d007000 JavaThread "JDWP Event Helper Thread" daemon [_thread_blocked, id=24579, stack(0x000000011effe000,0x000000011f0fe000)]
=>0x00007f966d006000 JavaThread "JDWP Transport Listener: dt_socket" daemon [_thread_in_vm, id=24067, stack(0x000000011eefb000,0x000000011effb000)]
  0x00007f966d002800 JavaThread "Signal Dispatcher" daemon [_thread_blocked, id=23555, stack(0x000000011edf1000,0x000000011eef1000)]
  0x00007f9669870000 JavaThread "Finalizer" daemon [_thread_blocked, id=18947, stack(0x000000011eba0000,0x000000011eca0000)]
  0x00007f966986f000 JavaThread "Reference Handler" daemon [_thread_blocked, id=18435, stack(0x000000011ea9d000,0x000000011eb9d000)]
  0x00007f966b000800 JavaThread "main" [_thread_blocked, id=6403, stack(0x0000000102ea6000,0x0000000102fa6000)]

Other Threads:
  0x00007f966986a800 VMThread [stack: 0x000000011e99a000,0x000000011ea9a000] [id=17923]
  0x00007f966984a800 WatcherThread [stack: 0x000000011f713000,0x000000011f813000] [id=28163]

VM state:not at safepoint (normal execution)

VM Mutex/Monitor currently owned by a thread: None

Heap:
 PSYoungGen      total 5120K, used 1867K [0x000000076ab00000, 0x000000076b600000, 0x00000007c0000000)
  eden space 4096K, 21% used [0x000000076ab00000,0x000000076abd9dc0,0x000000076af00000)
  from space 1024K, 97% used [0x000000076af00000,0x000000076aff9138,0x000000076b000000)
  to   space 1536K, 0% used [0x000000076b480000,0x000000076b480000,0x000000076b600000)
 ParOldGen       total 260608K, used 1172K [0x00000006c0000000, 0x00000006cfe80000, 0x000000076ab00000)
  object space 260608K, 0% used [0x00000006c0000000,0x00000006c0125338,0x00000006cfe80000)
 Metaspace       used 4811K, capacity 5472K, committed 5760K, reserved 1056768K
  class space    used 505K, capacity 528K, committed 640K, reserved 1048576K

Card table byte_map: [0x000000011248f000,0x0000000112c90000] byte_map_base: 0x000000010ee8f000

Marking Bits: (ParMarkBitMap*) 0x000000010284c0a0
 Begin Bits: [0x00000001139fe000, 0x00000001179fe000)
 End Bits:   [0x00000001179fe000, 0x000000011b9fe000)

Polling page: 0x0000000102fea000

CodeCache: size=245760Kb used=2180Kb max_used=2192Kb free=243580Kb
 bounds [0x00000001030cf000, 0x000000010333f000, 0x00000001120cf000]
 total_blobs=680 nmethods=413 adapters=191
 compilation: enabled

Compilation events (10 events):
Event: 19.328 Thread 0x00007f9669887000 nmethod 408 0x00000001032efc50 code [0x00000001032efdc0, 0x00000001032f0008]
Event: 19.328 Thread 0x00007f9669887000  409       3       sun.misc.FloatingDecimal$BinaryToASCIIBuffer::access$000 (6 bytes)
Event: 19.328 Thread 0x00007f9669887000 nmethod 409 0x00000001032ef890 code [0x00000001032ef9e0, 0x00000001032efb70]
Event: 19.328 Thread 0x00007f9669887000  410       3       sun.misc.FloatingDecimal$BinaryToASCIIBuffer::setSign (6 bytes)
Event: 19.328 Thread 0x00007f9669887000 nmethod 410 0x00000001032ef590 code [0x00000001032ef6e0, 0x00000001032ef830]
Event: 19.328 Thread 0x00007f9669887000  413       3       sun.misc.FloatingDecimal$BinaryToASCIIBuffer::access$100 (11 bytes)
Event: 19.328 Thread 0x00007f9669887000 nmethod 413 0x00000001032ef190 code [0x00000001032ef300, 0x00000001032ef4a8]
Event: 19.328 Thread 0x00007f9669887000  412       3       sun.misc.FloatingDecimal$BinaryToASCIIBuffer::estimateDecExp (182 bytes)
Event: 19.329 Thread 0x00007f9669887000 nmethod 412 0x00000001032eea50 code [0x00000001032eec00, 0x00000001032ef0f0]
Event: 19.330 Thread 0x00007f966a809800 nmethod 411 0x00000001032f3e90 code [0x00000001032f4000, 0x00000001032f4518]

GC Heap History (10 events):
Event: 0.165 GC heap before
{Heap before GC invocations=3 (full 0):
 PSYoungGen      total 1536K, used 1520K [0x000000076ab00000, 0x000000076ad00000, 0x00000007c0000000)
  eden space 1024K, 100% used [0x000000076ab00000,0x000000076ac00000,0x000000076ac00000)
  from space 512K, 96% used [0x000000076ac80000,0x000000076acfc010,0x000000076ad00000)
  to   space 512K, 0% used [0x000000076ac00000,0x000000076ac00000,0x000000076ac80000)
 ParOldGen       total 260608K, used 120K [0x00000006c0000000, 0x00000006cfe80000, 0x000000076ab00000)
  object space 260608K, 0% used [0x00000006c0000000,0x00000006c001e000,0x00000006cfe80000)
 Metaspace       used 2891K, capacity 4498K, committed 4864K, reserved 1056768K
  class space    used 306K, capacity 386K, committed 512K, reserved 1048576K
Event: 0.166 GC heap after
Heap after GC invocations=3 (full 0):
 PSYoungGen      total 1536K, used 496K [0x000000076ab00000, 0x000000076ae00000, 0x00000007c0000000)
  eden space 1024K, 0% used [0x000000076ab00000,0x000000076ab00000,0x000000076ac00000)
  from space 512K, 96% used [0x000000076ac00000,0x000000076ac7c010,0x000000076ac80000)
  to   space 512K, 0% used [0x000000076ad80000,0x000000076ad80000,0x000000076ae00000)
 ParOldGen       total 260608K, used 461K [0x00000006c0000000, 0x00000006cfe80000, 0x000000076ab00000)
  object space 260608K, 0% used [0x00000006c0000000,0x00000006c0073430,0x00000006cfe80000)
 Metaspace       used 2891K, capacity 4498K, committed 4864K, reserved 1056768K
  class space    used 306K, capacity 386K, committed 512K, reserved 1048576K
}
Event: 0.190 GC heap before
{Heap before GC invocations=4 (full 0):
 PSYoungGen      total 1536K, used 1520K [0x000000076ab00000, 0x000000076ae00000, 0x00000007c0000000)
  eden space 1024K, 100% used [0x000000076ab00000,0x000000076ac00000,0x000000076ac00000)
  from space 512K, 96% used [0x000000076ac00000,0x000000076ac7c010,0x000000076ac80000)
  to   space 512K, 0% used [0x000000076ad80000,0x000000076ad80000,0x000000076ae00000)
 ParOldGen       total 260608K, used 461K [0x00000006c0000000, 0x00000006cfe80000, 0x000000076ab00000)
  object space 260608K, 0% used [0x00000006c0000000,0x00000006c0073430,0x00000006cfe80000)
 Metaspace       used 3149K, capacity 4728K, committed 4864K, reserved 1056768K
  class space    used 325K, capacity 424K, committed 512K, reserved 1048576K
Event: 0.191 GC heap after
Heap after GC invocations=4 (full 0):
 PSYoungGen      total 2560K, used 512K [0x000000076ab00000, 0x000000076ae00000, 0x00000007c0000000)
  eden space 2048K, 0% used [0x000000076ab00000,0x000000076ab00000,0x000000076ad00000)
  from space 512K, 100% used [0x000000076ad80000,0x000000076ae00000,0x000000076ae00000)
  to   space 512K, 0% used [0x000000076ad00000,0x000000076ad00000,0x000000076ad80000)
 ParOldGen       total 260608K, used 635K [0x00000006c0000000, 0x00000006cfe80000, 0x000000076ab00000)
  object space 260608K, 0% used [0x00000006c0000000,0x00000006c009eee0,0x00000006cfe80000)
 Metaspace       used 3149K, capacity 4728K, committed 4864K, reserved 1056768K
  class space    used 325K, capacity 424K, committed 512K, reserved 1048576K
}
Event: 0.220 GC heap before
{Heap before GC invocations=5 (full 0):
 PSYoungGen      total 2560K, used 2560K [0x000000076ab00000, 0x000000076ae00000, 0x00000007c0000000)
  eden space 2048K, 100% used [0x000000076ab00000,0x000000076ad00000,0x000000076ad00000)
  from space 512K, 100% used [0x000000076ad80000,0x000000076ae00000,0x000000076ae00000)
  to   space 512K, 0% used [0x000000076ad00000,0x000000076ad00000,0x000000076ad80000)
 ParOldGen       total 260608K, used 635K [0x00000006c0000000, 0x00000006cfe80000, 0x000000076ab00000)
  object space 260608K, 0% used [0x00000006c0000000,0x00000006c009eee0,0x00000006cfe80000)
 Metaspace       used 3446K, capacity 4888K, committed 5120K, reserved 1056768K
  class space    used 367K, capacity 456K, committed 512K, reserved 1048576K
Event: 0.222 GC heap after
Heap after GC invocations=5 (full 0):
 PSYoungGen      total 2560K, used 512K [0x000000076ab00000, 0x000000076b100000, 0x00000007c0000000)
  eden space 2048K, 0% used [0x000000076ab00000,0x000000076ab00000,0x000000076ad00000)
  from space 512K, 100% used [0x000000076ad00000,0x000000076ad80000,0x000000076ad80000)
  to   space 1024K, 0% used [0x000000076b000000,0x000000076b000000,0x000000076b100000)
 ParOldGen       total 260608K, used 893K [0x00000006c0000000, 0x00000006cfe80000, 0x000000076ab00000)
  object space 260608K, 0% used [0x00000006c0000000,0x00000006c00df728,0x00000006cfe80000)
 Metaspace       used 3446K, capacity 4888K, committed 5120K, reserved 1056768K
  class space    used 367K, capacity 456K, committed 512K, reserved 1048576K
}
Event: 0.263 GC heap before
{Heap before GC invocations=6 (full 0):
 PSYoungGen      total 2560K, used 2560K [0x000000076ab00000, 0x000000076b100000, 0x00000007c0000000)
  eden space 2048K, 100% used [0x000000076ab00000,0x000000076ad00000,0x000000076ad00000)
  from space 512K, 100% used [0x000000076ad00000,0x000000076ad80000,0x000000076ad80000)
  to   space 1024K, 0% used [0x000000076b000000,0x000000076b000000,0x000000076b100000)
 ParOldGen       total 260608K, used 893K [0x00000006c0000000, 0x00000006cfe80000, 0x000000076ab00000)
  object space 260608K, 0% used [0x00000006c0000000,0x00000006c00df728,0x00000006cfe80000)
 Metaspace       used 3773K, capacity 5112K, committed 5376K, reserved 1056768K
  class space    used 404K, capacity 488K, committed 512K, reserved 1048576K
Event: 0.264 GC heap after
Heap after GC invocations=6 (full 0):
 PSYoungGen      total 5120K, used 832K [0x000000076ab00000, 0x000000076b100000, 0x00000007c0000000)
  eden space 4096K, 0% used [0x000000076ab00000,0x000000076ab00000,0x000000076af00000)
  from space 1024K, 81% used [0x000000076b000000,0x000000076b0d0000,0x000000076b100000)
  to   space 1024K, 0% used [0x000000076af00000,0x000000076af00000,0x000000076b000000)
 ParOldGen       total 260608K, used 901K [0x00000006c0000000, 0x00000006cfe80000, 0x000000076ab00000)
  object space 260608K, 0% used [0x00000006c0000000,0x00000006c00e1728,0x00000006cfe80000)
 Metaspace       used 3773K, capacity 5112K, committed 5376K, reserved 1056768K
  class space    used 404K, capacity 488K, committed 512K, reserved 1048576K
}
Event: 0.332 GC heap before
{Heap before GC invocations=7 (full 0):
 PSYoungGen      total 5120K, used 4928K [0x000000076ab00000, 0x000000076b100000, 0x00000007c0000000)
  eden space 4096K, 100% used [0x000000076ab00000,0x000000076af00000,0x000000076af00000)
  from space 1024K, 81% used [0x000000076b000000,0x000000076b0d0000,0x000000076b100000)
  to   space 1024K, 0% used [0x000000076af00000,0x000000076af00000,0x000000076b000000)
 ParOldGen       total 260608K, used 901K [0x00000006c0000000, 0x00000006cfe80000, 0x000000076ab00000)
  object space 260608K, 0% used [0x00000006c0000000,0x00000006c00e1728,0x00000006cfe80000)
 Metaspace       used 4708K, capacity 5404K, committed 5760K, reserved 1056768K
  class space    used 500K, capacity 524K, committed 640K, reserved 1048576K
Event: 0.333 GC heap after
Heap after GC invocations=7 (full 0):
 PSYoungGen      total 5120K, used 996K [0x000000076ab00000, 0x000000076b600000, 0x00000007c0000000)
  eden space 4096K, 0% used [0x000000076ab00000,0x000000076ab00000,0x000000076af00000)
  from space 1024K, 97% used [0x000000076af00000,0x000000076aff9138,0x000000076b000000)
  to   space 1536K, 0% used [0x000000076b480000,0x000000076b480000,0x000000076b600000)
 ParOldGen       total 260608K, used 1172K [0x00000006c0000000, 0x00000006cfe80000, 0x000000076ab00000)
  object space 260608K, 0% used [0x00000006c0000000,0x00000006c0125338,0x00000006cfe80000)
 Metaspace       used 4708K, capacity 5404K, committed 5760K, reserved 1056768K
  class space    used 500K, capacity 524K, committed 640K, reserved 1048576K
}

Deoptimization events (0 events):
No events

Internal exceptions (10 events):
Event: 0.312 Thread 0x00007f966b000800 Exception <a 'java/security/PrivilegedActionException'> (0x000000076ae16e28) thrown at [/HUDSON/workspace/8-2-build-macosx-x86_64/jdk8/2238/hotspot/src/share/vm/prims/jvm.cpp, line 1248]
Event: 0.312 Thread 0x00007f966b000800 Exception <a 'java/security/PrivilegedActionException'> (0x000000076ae230b8) thrown at [/HUDSON/workspace/8-2-build-macosx-x86_64/jdk8/2238/hotspot/src/share/vm/prims/jvm.cpp, line 1248]
Event: 0.313 Thread 0x00007f966b000800 Exception <a 'java/security/PrivilegedActionException'> (0x000000076ae32238) thrown at [/HUDSON/workspace/8-2-build-macosx-x86_64/jdk8/2238/hotspot/src/share/vm/prims/jvm.cpp, line 1248]
Event: 0.314 Thread 0x00007f966b000800 Exception <a 'java/security/PrivilegedActionException'> (0x000000076ae3dce8) thrown at [/HUDSON/workspace/8-2-build-macosx-x86_64/jdk8/2238/hotspot/src/share/vm/prims/jvm.cpp, line 1248]
Event: 0.316 Thread 0x00007f966b000800 Exception <a 'java/security/PrivilegedActionException'> (0x000000076ae4fa60) thrown at [/HUDSON/workspace/8-2-build-macosx-x86_64/jdk8/2238/hotspot/src/share/vm/prims/jvm.cpp, line 1248]
Event: 0.316 Thread 0x00007f966b000800 Exception <a 'java/security/PrivilegedActionException'> (0x000000076ae5a568) thrown at [/HUDSON/workspace/8-2-build-macosx-x86_64/jdk8/2238/hotspot/src/share/vm/prims/jvm.cpp, line 1248]
Event: 0.317 Thread 0x00007f966b000800 Exception <a 'java/security/PrivilegedActionException'> (0x000000076ae67d98) thrown at [/HUDSON/workspace/8-2-build-macosx-x86_64/jdk8/2238/hotspot/src/share/vm/prims/jvm.cpp, line 1248]
Event: 0.319 Thread 0x00007f966b000800 Exception <a 'java/security/PrivilegedActionException'> (0x000000076ae7b1a0) thrown at [/HUDSON/workspace/8-2-build-macosx-x86_64/jdk8/2238/hotspot/src/share/vm/prims/jvm.cpp, line 1248]
Event: 0.320 Thread 0x00007f966b000800 Exception <a 'java/security/PrivilegedActionException'> (0x000000076ae87930) thrown at [/HUDSON/workspace/8-2-build-macosx-x86_64/jdk8/2238/hotspot/src/share/vm/prims/jvm.cpp, line 1248]
Event: 0.320 Thread 0x00007f966b000800 Exception <a 'java/security/PrivilegedActionException'> (0x000000076ae941d0) thrown at [/HUDSON/workspace/8-2-build-macosx-x86_64/jdk8/2238/hotspot/src/share/vm/prims/jvm.cpp, line 1248]

Events (10 events):
Event: 287.914 Executing VM operation: GetCurrentLocation
Event: 287.914 Executing VM operation: GetCurrentLocation done
Event: 287.914 Executing VM operation: EnterInterpOnlyMode
Event: 287.914 Executing VM operation: EnterInterpOnlyMode done
Event: 287.914 Executing VM operation: ChangeSingleStep
Event: 287.914 Executing VM operation: ChangeSingleStep done
Event: 287.914 Executing VM operation: ChangeSingleStep
Event: 287.914 Executing VM operation: ChangeSingleStep done
Event: 287.919 Executing VM operation: RedefineClasses
Event: 287.922 Executing VM operation: RedefineClasses done


Dynamic libraries:
0x000000000d3a6000 	/System/Library/Frameworks/Cocoa.framework/Versions/A/Cocoa
0x000000000d3a6000 	/System/Library/Frameworks/Security.framework/Versions/A/Security
0x000000000d3a6000 	/System/Library/Frameworks/ApplicationServices.framework/Versions/A/ApplicationServices
0x000000000d3a6000 	/usr/lib/libz.1.dylib
0x000000000d3a6000 	/usr/lib/libSystem.B.dylib
0x000000000d3a6000 	/usr/lib/libobjc.A.dylib
0x000000000d3a6000 	/System/Library/Frameworks/CoreFoundation.framework/Versions/A/CoreFoundation
0x000000000d3a6000 	/System/Library/Frameworks/Foundation.framework/Versions/C/Foundation
0x000000000d3a6000 	/System/Library/Frameworks/AppKit.framework/Versions/C/AppKit
0x000000000d3a6000 	/System/Library/Frameworks/CoreData.framework/Versions/A/CoreData
0x000000000d3a6000 	/System/Library/PrivateFrameworks/RemoteViewServices.framework/Versions/A/RemoteViewServices
0x000000000d3a6000 	/System/Library/Frameworks/AudioToolbox.framework/Versions/A/AudioToolbox
0x000000000d3a6000 	/System/Library/Frameworks/AudioUnit.framework/Versions/A/AudioUnit
0x000000000d3a6000 	/System/Library/PrivateFrameworks/DataDetectorsCore.framework/Versions/A/DataDetectorsCore
0x000000000d3a6000 	/System/Library/PrivateFrameworks/DesktopServicesPriv.framework/Versions/A/DesktopServicesPriv
0x000000000d3a6000 	/System/Library/Frameworks/Carbon.framework/Versions/A/Frameworks/HIToolbox.framework/Versions/A/HIToolbox
0x000000000d3a6000 	/System/Library/Frameworks/QuartzCore.framework/Versions/A/QuartzCore
0x000000000d3a6000 	/System/Library/Frameworks/Carbon.framework/Versions/A/Frameworks/SpeechRecognition.framework/Versions/A/SpeechRecognition
0x000000000d3a6000 	/usr/lib/libauto.dylib
0x000000000d3a6000 	/usr/lib/libicucore.A.dylib
0x000000000d3a6000 	/usr/lib/libxml2.2.dylib
0x000000000d3a6000 	/System/Library/PrivateFrameworks/CoreUI.framework/Versions/A/CoreUI
0x000000000d3a6000 	/System/Library/Frameworks/CoreAudio.framework/Versions/A/CoreAudio
0x000000000d3a6000 	/System/Library/Frameworks/DiskArbitration.framework/Versions/A/DiskArbitration
0x000000000d3a6000 	/usr/lib/liblangid.dylib
0x000000000d3a6000 	/System/Library/PrivateFrameworks/MultitouchSupport.framework/Versions/A/MultitouchSupport
0x000000000d3a6000 	/System/Library/Frameworks/IOKit.framework/Versions/A/IOKit
0x000000000d3a6000 	/usr/lib/libDiagnosticMessagesClient.dylib
0x000000000d3a6000 	/System/Library/Frameworks/CoreServices.framework/Versions/A/CoreServices
0x000000000d3a6000 	/System/Library/PrivateFrameworks/PerformanceAnalysis.framework/Versions/A/PerformanceAnalysis
0x000000000d3a6000 	/System/Library/PrivateFrameworks/GenerationalStorage.framework/Versions/A/GenerationalStorage
0x000000000d3a6000 	/System/Library/Frameworks/OpenGL.framework/Versions/A/OpenGL
0x000000000d3a6000 	/System/Library/Frameworks/CoreText.framework/Versions/A/CoreText
0x000000000d3a6000 	/System/Library/Frameworks/ImageIO.framework/Versions/A/ImageIO
0x000000000d3a6000 	/System/Library/PrivateFrameworks/Backup.framework/Versions/A/Backup
0x000000000d3a6000 	/System/Library/Frameworks/CFNetwork.framework/Versions/A/CFNetwork
0x000000000d3a6000 	/System/Library/Frameworks/SystemConfiguration.framework/Versions/A/SystemConfiguration
0x000000000d3a6000 	/usr/lib/libCRFSuite.dylib
0x000000000d3a6000 	/System/Library/PrivateFrameworks/TCC.framework/Versions/A/TCC
0x000000000d3a6000 	/usr/lib/libc++.1.dylib
0x000000000d3a6000 	/usr/lib/libc++abi.dylib
0x000000000d3a6000 	/usr/lib/system/libcache.dylib
0x000000000d3a6000 	/usr/lib/system/libcommonCrypto.dylib
0x000000000d3a6000 	/usr/lib/system/libcompiler_rt.dylib
0x000000000d3a6000 	/usr/lib/system/libcopyfile.dylib
0x000000000d3a6000 	/usr/lib/system/libdispatch.dylib
0x000000000d3a6000 	/usr/lib/system/libdnsinfo.dylib
0x000000000d3a6000 	/usr/lib/system/libdyld.dylib
0x000000000d3a6000 	/usr/lib/system/libkeymgr.dylib
0x000000000d3a6000 	/usr/lib/system/liblaunch.dylib
0x000000000d3a6000 	/usr/lib/system/libmacho.dylib
0x000000000d3a6000 	/usr/lib/system/libquarantine.dylib
0x000000000d3a6000 	/usr/lib/system/libremovefile.dylib
0x000000000d3a6000 	/usr/lib/system/libsystem_blocks.dylib
0x000000000d3a6000 	/usr/lib/system/libsystem_c.dylib
0x000000000d3a6000 	/usr/lib/system/libsystem_dnssd.dylib
0x000000000d3a6000 	/usr/lib/system/libsystem_info.dylib
0x000000000d3a6000 	/usr/lib/system/libsystem_kernel.dylib
0x000000000d3a6000 	/usr/lib/system/libsystem_m.dylib
0x000000000d3a6000 	/usr/lib/system/libsystem_network.dylib
0x000000000d3a6000 	/usr/lib/system/libsystem_notify.dylib
0x000000000d3a6000 	/usr/lib/system/libsystem_sandbox.dylib
0x000000000d3a6000 	/usr/lib/system/libunc.dylib
0x000000000d3a6000 	/usr/lib/system/libunwind.dylib
0x000000000d3a6000 	/usr/lib/system/libxpc.dylib
0x000000000d3a6000 	/usr/lib/system/libcorecrypto.dylib
0x000000000d3a6000 	/usr/lib/libstdc++.6.dylib
0x000000000d3a6000 	/usr/lib/libbsm.0.dylib
0x000000000d3a6000 	/usr/lib/libsqlite3.dylib
0x000000000d3a6000 	/usr/lib/libxar.1.dylib
0x000000000d3a6000 	/usr/lib/libpam.2.dylib
0x000000000d3a6000 	/usr/lib/libOpenScriptingUtil.dylib
0x000000000d3a6000 	/usr/lib/libbz2.1.0.dylib
0x000000000d3a6000 	/System/Library/Frameworks/CoreServices.framework/Versions/A/Frameworks/CarbonCore.framework/Versions/A/CarbonCore
0x000000000d3a6000 	/System/Library/Frameworks/CoreServices.framework/Versions/A/Frameworks/Metadata.framework/Versions/A/Metadata
0x000000000d3a6000 	/System/Library/Frameworks/CoreServices.framework/Versions/A/Frameworks/OSServices.framework/Versions/A/OSServices
0x000000000d3a6000 	/System/Library/Frameworks/CoreServices.framework/Versions/A/Frameworks/SearchKit.framework/Versions/A/SearchKit
0x000000000d3a6000 	/System/Library/Frameworks/CoreServices.framework/Versions/A/Frameworks/AE.framework/Versions/A/AE
0x000000000d3a6000 	/System/Library/Frameworks/CoreServices.framework/Versions/A/Frameworks/LaunchServices.framework/Versions/A/LaunchServices
0x000000000d3a6000 	/System/Library/Frameworks/CoreServices.framework/Versions/A/Frameworks/DictionaryServices.framework/Versions/A/DictionaryServices
0x000000000d3a6000 	/System/Library/Frameworks/NetFS.framework/Versions/A/NetFS
0x000000000d3a6000 	/usr/lib/system/libkxld.dylib
0x000000000d3a6000 	/System/Library/PrivateFrameworks/NetAuth.framework/Versions/A/NetAuth
0x000000000d3a6000 	/System/Library/Frameworks/OpenDirectory.framework/Versions/A/Frameworks/CFOpenDirectory.framework/Versions/A/CFOpenDirectory
0x000000000d3a6000 	/usr/lib/libxslt.1.dylib
0x000000000d3a6000 	/System/Library/PrivateFrameworks/FamilyControls.framework/Versions/A/FamilyControls
0x000000000d3a6000 	/System/Library/Frameworks/Carbon.framework/Versions/A/Frameworks/Ink.framework/Versions/A/Ink
0x000000000d3a6000 	/System/Library/Frameworks/ApplicationServices.framework/Versions/A/Frameworks/CoreGraphics.framework/Versions/A/CoreGraphics
0x000000000d3a6000 	/System/Library/Frameworks/ApplicationServices.framework/Versions/A/Frameworks/ATS.framework/Versions/A/ATS
0x000000000d3a6000 	/System/Library/Frameworks/ApplicationServices.framework/Versions/A/Frameworks/ColorSync.framework/Versions/A/ColorSync
0x000000000d3a6000 	/System/Library/Frameworks/ApplicationServices.framework/Versions/A/Frameworks/HIServices.framework/Versions/A/HIServices
0x000000000d3a6000 	/System/Library/Frameworks/ApplicationServices.framework/Versions/A/Frameworks/LangAnalysis.framework/Versions/A/LangAnalysis
0x000000000d3a6000 	/System/Library/Frameworks/ApplicationServices.framework/Versions/A/Frameworks/PrintCore.framework/Versions/A/PrintCore
0x000000000d3a6000 	/System/Library/Frameworks/ApplicationServices.framework/Versions/A/Frameworks/QD.framework/Versions/A/QD
0x000000000d3a6000 	/System/Library/Frameworks/ApplicationServices.framework/Versions/A/Frameworks/SpeechSynthesis.framework/Versions/A/SpeechSynthesis
0x000000000d3a6000 	/System/Library/Frameworks/IOSurface.framework/Versions/A/IOSurface
0x000000000d3a6000 	/System/Library/Frameworks/Accelerate.framework/Versions/A/Accelerate
0x000000000d3a6000 	/System/Library/Frameworks/ApplicationServices.framework/Versions/A/Frameworks/ATS.framework/Versions/A/Resources/libFontParser.dylib
0x000000000d3a6000 	/System/Library/Frameworks/ApplicationServices.framework/Versions/A/Frameworks/ATS.framework/Versions/A/Resources/libFontRegistry.dylib
0x000000000d3a6000 	/System/Library/Frameworks/Accelerate.framework/Versions/A/Frameworks/vImage.framework/Versions/A/vImage
0x000000000d3a6000 	/System/Library/Frameworks/Accelerate.framework/Versions/A/Frameworks/vecLib.framework/Versions/A/vecLib
0x000000000d3a6000 	/System/Library/Frameworks/Accelerate.framework/Versions/A/Frameworks/vecLib.framework/Versions/A/libvDSP.dylib
0x000000000d3a6000 	/System/Library/Frameworks/Accelerate.framework/Versions/A/Frameworks/vecLib.framework/Versions/A/libvMisc.dylib
0x000000000d3a6000 	/System/Library/Frameworks/Accelerate.framework/Versions/A/Frameworks/vecLib.framework/Versions/A/libLAPACK.dylib
0x000000000d3a6000 	/System/Library/Frameworks/Accelerate.framework/Versions/A/Frameworks/vecLib.framework/Versions/A/libBLAS.dylib
0x000000000d3a6000 	/System/Library/Frameworks/ImageIO.framework/Versions/A/Resources/libJPEG.dylib
0x000000000d3a6000 	/System/Library/Frameworks/ImageIO.framework/Versions/A/Resources/libTIFF.dylib
0x000000000d3a6000 	/System/Library/Frameworks/ImageIO.framework/Versions/A/Resources/libPng.dylib
0x000000000d3a6000 	/System/Library/Frameworks/ImageIO.framework/Versions/A/Resources/libGIF.dylib
0x000000000d3a6000 	/System/Library/Frameworks/ImageIO.framework/Versions/A/Resources/libJP2.dylib
0x000000000d3a6000 	/System/Library/Frameworks/ImageIO.framework/Versions/A/Resources/libRadiance.dylib
0x000000000d3a6000 	/usr/lib/libcups.2.dylib
0x000000000d3a6000 	/System/Library/Frameworks/Kerberos.framework/Versions/A/Kerberos
0x000000000d3a6000 	/System/Library/Frameworks/GSS.framework/Versions/A/GSS
0x000000000d3a6000 	/usr/lib/libresolv.9.dylib
0x000000000d3a6000 	/usr/lib/libiconv.2.dylib
0x000000000d3a6000 	/System/Library/PrivateFrameworks/Heimdal.framework/Versions/A/Heimdal
0x000000000d3a6000 	/System/Library/PrivateFrameworks/TrustEvaluationAgent.framework/Versions/A/TrustEvaluationAgent
0x000000000d3a6000 	/System/Library/Frameworks/OpenDirectory.framework/Versions/A/OpenDirectory
0x000000000d3a6000 	/System/Library/PrivateFrameworks/CommonAuth.framework/Versions/A/CommonAuth
0x000000000d3a6000 	/System/Library/PrivateFrameworks/Bom.framework/Versions/A/Bom
0x000000000d3a6000 	/System/Library/Frameworks/CoreVideo.framework/Versions/A/CoreVideo
0x000000000d3a6000 	/System/Library/Frameworks/QuartzCore.framework/Versions/A/Frameworks/CoreImage.framework/Versions/A/CoreImage
0x000000000d3a6000 	/System/Library/Frameworks/QuartzCore.framework/Versions/A/Frameworks/ScalableUserInterface.framework/Versions/A/ScalableUserInterface
0x000000000d3a6000 	/System/Library/Frameworks/OpenGL.framework/Versions/A/Libraries/libGLU.dylib
0x000000000d3a6000 	/System/Library/Frameworks/OpenGL.framework/Versions/A/Libraries/libGFXShared.dylib
0x000000000d3a6000 	/System/Library/Frameworks/OpenGL.framework/Versions/A/Libraries/libGL.dylib
0x000000000d3a6000 	/System/Library/Frameworks/OpenGL.framework/Versions/A/Libraries/libGLImage.dylib
0x000000000d3a6000 	/System/Library/Frameworks/OpenGL.framework/Versions/A/Libraries/libCVMSPluginSupport.dylib
0x000000000d3a6000 	/System/Library/Frameworks/OpenGL.framework/Versions/A/Libraries/libCoreVMClient.dylib
0x000000000d3a6000 	/System/Library/PrivateFrameworks/CrashReporterSupport.framework/Versions/A/CrashReporterSupport
0x000000000d3a6000 	/System/Library/Frameworks/OpenCL.framework/Versions/A/OpenCL
0x000000000d3a6000 	/System/Library/PrivateFrameworks/FaceCoreLight.framework/Versions/A/FaceCoreLight
0x000000000d3a6000 	/System/Library/PrivateFrameworks/AppleFSCompression.framework/Versions/A/AppleFSCompression
0x000000000d3a6000 	/System/Library/PrivateFrameworks/Ubiquity.framework/Versions/A/Ubiquity
0x000000000d3a6000 	/System/Library/Frameworks/ServiceManagement.framework/Versions/A/ServiceManagement
0x000000000d3a6000 	/System/Library/PrivateFrameworks/ChunkingLibrary.framework/Versions/A/ChunkingLibrary
0x000000000d3a6000 	/System/Library/Frameworks/vecLib.framework/Versions/A/vecLib
0x000000000d3a6000 	/System/Library/Frameworks/SecurityFoundation.framework/Versions/A/SecurityFoundation
0x000000000d3a6000 	/System/Library/PrivateFrameworks/CommerceKit.framework/Versions/A/Frameworks/CommerceCore.framework/Versions/A/CommerceCore
0x000000000d3a6000 	/System/Library/PrivateFrameworks/CoreSymbolication.framework/Versions/A/CoreSymbolication
0x000000000d3a6000 	/System/Library/PrivateFrameworks/Symbolication.framework/Versions/A/Symbolication
0x000000000d3a6000 	/System/Library/PrivateFrameworks/DebugSymbols.framework/Versions/A/DebugSymbols
0x0000000101fe6000 	/Library/Java/JavaVirtualMachines/jdk1.8.0.jdk/Contents/Home/jre/lib/server/libjvm.dylib
0x0000000102fa8000 	/Library/Java/JavaVirtualMachines/jdk1.8.0.jdk/Contents/Home/jre/lib/libverify.dylib
0x0000000102fb6000 	/Library/Java/JavaVirtualMachines/jdk1.8.0.jdk/Contents/Home/jre/lib/libjava.dylib
0x0000000102feb000 	/Library/Java/JavaVirtualMachines/jdk1.8.0.jdk/Contents/Home/jre/lib/libjdwp.dylib
0x0000000103036000 	/Library/Java/JavaVirtualMachines/jdk1.8.0.jdk/Contents/Home/jre/lib/libnpt.dylib
0x00000001030c6000 	/Library/Java/JavaVirtualMachines/jdk1.8.0.jdk/Contents/Home/jre/lib/libzip.dylib
0x000000011eca2000 	/System/Library/Frameworks/JavaVM.framework/Frameworks/JavaRuntimeSupport.framework/JavaRuntimeSupport
0x000000011ecba000 	/System/Library/Frameworks/JavaVM.framework/Versions/A/Frameworks/JavaNativeFoundation.framework/Versions/A/JavaNativeFoundation
0x000000011eccf000 	/System/Library/Frameworks/JavaVM.framework/Versions/A/JavaVM
0x000000000d3a6000 	/System/Library/Frameworks/Carbon.framework/Versions/A/Carbon
0x000000011ecdc000 	/System/Library/PrivateFrameworks/JavaLaunching.framework/Versions/A/JavaLaunching
0x000000000d3a6000 	/System/Library/Frameworks/Carbon.framework/Versions/A/Frameworks/CommonPanels.framework/Versions/A/CommonPanels
0x000000000d3a6000 	/System/Library/Frameworks/Carbon.framework/Versions/A/Frameworks/Help.framework/Versions/A/Help
0x000000000d3a6000 	/System/Library/Frameworks/Carbon.framework/Versions/A/Frameworks/ImageCapture.framework/Versions/A/ImageCapture
0x000000000d3a6000 	/System/Library/Frameworks/Carbon.framework/Versions/A/Frameworks/OpenScripting.framework/Versions/A/OpenScripting
0x000000000d3a6000 	/System/Library/Frameworks/Carbon.framework/Versions/A/Frameworks/Print.framework/Versions/A/Print
0x000000000d3a6000 	/System/Library/Frameworks/Carbon.framework/Versions/A/Frameworks/SecurityHI.framework/Versions/A/SecurityHI
0x000000011eef3000 	/Library/Java/JavaVirtualMachines/jdk1.8.0.jdk/Contents/Home/jre/lib/libdt_socket.dylib
0x000000011fce0000 	/Library/Java/JavaVirtualMachines/jdk1.8.0.jdk/Contents/Home/jre/lib/libnio.dylib
0x000000011fcef000 	/Library/Java/JavaVirtualMachines/jdk1.8.0.jdk/Contents/Home/jre/lib/./libnet.dylib

VM Arguments:
jvm_args: -agentlib:jdwp=transport=dt_socket,suspend=y,address=localhost:58186 -Dfile.encoding=UTF-8 
java_command: com.whereismydot.models.ModelRunner /Users/andrey/Data/IRDA_features/ibm /Users/andrey/Dropbox/Uni/IRDA/sentimentalist/stock_data/IBM.csv
java_class_path (initial): /Users/andrey/Dropbox/Uni/IRDA/sentimentalist/target/classes:/Users/andrey/.m2/repository/org/apache/hadoop/hadoop-client/2.2.0/hadoop-client-2.2.0.jar:/Users/andrey/.m2/repository/org/apache/hadoop/hadoop-common/2.2.0/hadoop-common-2.2.0.jar:/Users/andrey/.m2/repository/com/google/guava/guava/11.0.2/guava-11.0.2.jar:/Users/andrey/.m2/repository/com/google/code/findbugs/jsr305/1.3.9/jsr305-1.3.9.jar:/Users/andrey/.m2/repository/commons-cli/commons-cli/1.2/commons-cli-1.2.jar:/Users/andrey/.m2/repository/org/apache/commons/commons-math/2.1/commons-math-2.1.jar:/Users/andrey/.m2/repository/xmlenc/xmlenc/0.52/xmlenc-0.52.jar:/Users/andrey/.m2/repository/commons-io/commons-io/2.1/commons-io-2.1.jar:/Users/andrey/.m2/repository/commons-net/commons-net/3.1/commons-net-3.1.jar:/Users/andrey/.m2/repository/log4j/log4j/1.2.17/log4j-1.2.17.jar:/Users/andrey/.m2/repository/commons-lang/commons-lang/2.5/commons-lang-2.5.jar:/Users/andrey/.m2/repository/commons-configuration/commons-configuration/1.6/commons-configuration-1.6.jar:/Users/andrey/.m2/repository/commons-collections/commons-collections/3.2.1/commons-collections-3.2.1.jar:/Users/andrey/.m2/repository/commons-digester/commons-digester/1.8/commons-digester-1.8.jar:/Users/andrey/.m2/repository/commons-beanutils/commons-beanutils/1.7.0/commons-beanutils-1.7.0.jar:/Users/andrey/.m2/repository/commons-beanutils/commons-beanutils-core/1.8.0/commons-beanutils-core-1.8.0.jar:/Users/andrey/.m2/repository/org/slf4j/slf4j-api/1.7.5/slf4j-api-1.7.5.jar:/Users/andrey/.m2/repository/org/slf4j/slf4j-log4j12/1.7.5/slf4j-log4j12-1.7.5.jar:/Users/andrey/.m2/repository/org/codehaus/jackson/jackson-mapper-asl/1.8.8/jackson-mapper-asl-1.8.8.jar:/Users/andrey/.m2/repository/org/apache/avro/avro/1.7.4/avro-1.7.4.jar:/Users/andrey/.m2/repository/com/thoughtworks/paranamer/paranamer/2.3/paranamer-2.3.jar:/Users/andrey/.m2/repository/org/xerial/snappy/snappy-java/1.0.4.1/snappy-java-1.0.4.1.jar:/Users/andrey/.m2/rep
Launcher Type: SUN_STANDARD

Environment Variables:
PATH=/usr/bin:/bin:/usr/sbin:/sbin
SHELL=/bin/bash
DISPLAY=/tmp/launch-oi8Kdr/org.macosforge.xquartz:0

Signal Handlers:
SIGSEGV: [libjvm.dylib+0x55faef], sa_mask[0]=0xfffefeff, sa_flags=0x00000043
SIGBUS: [libjvm.dylib+0x55faef], sa_mask[0]=0xfffefeff, sa_flags=0x00000042
SIGFPE: [libjvm.dylib+0x44305a], sa_mask[0]=0xfffefeff, sa_flags=0x00000042
SIGPIPE: [libjvm.dylib+0x44305a], sa_mask[0]=0xfffefeff, sa_flags=0x00000042
SIGXFSZ: [libjvm.dylib+0x44305a], sa_mask[0]=0xfffefeff, sa_flags=0x00000042
SIGILL: [libjvm.dylib+0x44305a], sa_mask[0]=0xfffefeff, sa_flags=0x00000042
SIGUSR1: SIG_DFL, sa_mask[0]=0x00000000, sa_flags=0x00000002
SIGUSR2: [libjvm.dylib+0x442b78], sa_mask[0]=0x00000004, sa_flags=0x00000042
SIGHUP: [libjvm.dylib+0x440f05], sa_mask[0]=0xfffefeff, sa_flags=0x00000042
SIGINT: [libjvm.dylib+0x440f05], sa_mask[0]=0xfffefeff, sa_flags=0x00000042
SIGTERM: [libjvm.dylib+0x440f05], sa_mask[0]=0xfffefeff, sa_flags=0x00000042
SIGQUIT: [libjvm.dylib+0x440f05], sa_mask[0]=0xfffefeff, sa_flags=0x00000042


---------------  S Y S T E M  ---------------

OS:Bsduname:Darwin 12.4.0 Darwin Kernel Version 12.4.0: Wed May  1 17:57:12 PDT 2013; root:xnu-2050.24.15~1/RELEASE_X86_64 x86_64
rlimit: STACK 8192k, CORE 0k, NPROC 709, NOFILE 10240, AS infinity
load average:1.35 1.56 2.16

CPU:total 8 (4 cores per cpu, 2 threads per core) family 6 model 42 stepping 7, cmov, cx8, fxsr, mmx, sse, sse2, sse3, ssse3, sse4.1, sse4.2, popcnt, avx, aes, clmul, ht, tsc, tscinvbit

Memory: 4k page, physical 16777216k(1081116k free)

/proc/meminfo:


vm_info: Java HotSpot(TM) 64-Bit Server VM (25.0-b70) for bsd-amd64 JRE (1.8.0-b132), built on Mar  4 2014 03:11:43 by "java_re" with gcc 4.2.1 (Based on Apple Inc. build 5658) (LLVM build 2336.11.00)

time: Wed Apr 23 16:17:41 2014
elapsed time: 287 seconds

